<?xml version="1.0" encoding="UTF-8"?>
<!-- Generated by org.testng.reporters.JUnitReportReporter -->
<testsuite skipped="0" hostname="SZ-GKLH6H2" name="com.testNG.retry.Automation.App" tests="1" failures="0" timestamp="31 五月 2018 06:22:01 GMT" time="6.559" errors="0">
  <testcase name="testCase2" time="6.559" classname="com.testNG.retry.Automation.App"/>
</testsuite> <!-- com.testNG.retry.Automation.App -->
